<?xml version="1.0" encoding="UTF-8"?>
<!-- Generated by org.testng.reporters.JUnitReportReporter -->
<testsuite hostname="Irem-MBP" failures="0" tests="1" name="steps.addEmpoyee" time="10.338" errors="0" timestamp="2025-01-05T20:57:31 EST" skipped="0">
  <testcase classname="steps.addEmpoyee" name="newFile" time="10.338"/>
</testsuite> <!-- steps.addEmpoyee -->
