<?xml version="1.0" encoding="UTF-8"?>
<!-- Generated by org.testng.reporters.JUnitReportReporter -->
<testsuite hostname="Irem-MBP" failures="0" tests="1" name="utils.ExcelUtility" time="1.138" errors="0" timestamp="2024-11-12T23:01:08 EST" skipped="0">
  <testcase classname="utils.ExcelUtility" name="testingEXCEL" time="1.138"/>
</testsuite> <!-- utils.ExcelUtility -->
