<?xml version="1.0" encoding="UTF-8"?>
<!-- Generated by org.testng.reporters.JUnitReportReporter -->
<testsuite hostname="Irem-MBP" failures="0" tests="1" name="steps.apiTest" time="2.469" errors="0" timestamp="2024-12-26T21:11:47 EST" skipped="0">
  <testcase classname="steps.apiTest" name="getMyUser" time="2.469"/>
</testsuite> <!-- steps.apiTest -->
