<?xml version="1.0" encoding="UTF-8"?>
<!-- Generated by org.testng.reporters.JUnitReportReporter -->
<testsuite hostname="Irem-MBP" failures="0" tests="1" name="steps.apiTest" time="2.484" errors="0" timestamp="2024-11-12T22:34:51 EST" skipped="0">
  <testcase classname="steps.apiTest" name="testingAPI" time="2.484"/>
</testsuite> <!-- steps.apiTest -->
