<?xml version="1.0" encoding="UTF-8"?>
<!-- Generated by org.testng.reporters.JUnitReportReporter -->
<testsuite hostname="Irem-MBP" failures="0" tests="1" name="steps.employeeProfile" time="0.007" errors="0" timestamp="2024-11-17T10:59:24 EST" skipped="0">
  <testcase classname="steps.employeeProfile" name="testiko" time="0.007"/>
</testsuite> <!-- steps.employeeProfile -->
