<?xml version="1.0" encoding="UTF-8"?>
<!-- Generated by org.testng.reporters.JUnitReportReporter -->
<testsuite hostname="Irem-MBP" failures="0" tests="1" name="steps.dbTest" time="0.400" errors="0" timestamp="2024-11-12T22:50:04 EST" skipped="0">
  <testcase classname="steps.dbTest" name="testingDB" time="0.400"/>
</testsuite> <!-- steps.dbTest -->
