<?xml version="1.0" encoding="UTF-8"?>
<!-- Generated by org.testng.reporters.JUnitReportReporter -->
<testsuite hostname="Irem-MBP" failures="0" tests="1" name="steps.dbTest" time="0.416" errors="0" timestamp="2025-01-03T13:33:16 EST" skipped="0">
  <testcase classname="steps.dbTest" name="newTab" time="0.416"/>
</testsuite> <!-- steps.dbTest -->
