<?xml version="1.0" encoding="UTF-8"?>
<!-- Generated by org.testng.reporters.JUnitReportReporter -->
<testsuite hostname="Irem-MBP" failures="0" tests="1" name="steps.ActionsExercise" time="16.774" errors="0" timestamp="2024-11-15T16:17:48 EST" skipped="0">
  <testcase classname="steps.ActionsExercise" name="actionTest" time="16.774"/>
</testsuite> <!-- steps.ActionsExercise -->
