<?xml version="1.0" encoding="UTF-8"?>
<!-- Generated by org.testng.reporters.JUnitReportReporter -->
<testsuite hostname="Irem-MBP" failures="0" tests="1" name="DBTests.dbStep1" time="0.382" errors="0" timestamp="2024-10-31T13:13:39 EDT" skipped="0">
  <testcase classname="DBTests.dbStep1" name="allEmps" time="0.382"/>
</testsuite> <!-- DBTests.dbStep1 -->
